<component name="libraryTable">
  <library name="junit-jupiter-api-5.3.0-20180721.153222-172-javadoc">
    <CLASSES />
    <JAVADOC>
      <root url="jar://$USER_HOME$/Development/junit-jupiter-api-5.3.0-20180721.153222-172-javadoc.jar!/" />
    </JAVADOC>
    <SOURCES />
  </library>
</component>